c:\users\hunter\documents\github\inix\build-msvc\src\inix.dir\release\qrc_resources_release.obj
c:\users\hunter\documents\github\inix\build-msvc\src\inix.dir\release\mocs_compilation_release.obj
c:\users\hunter\documents\github\inix\build-msvc\src\inix.dir\release\mergepreviewtablemodel.obj
c:\users\hunter\documents\github\inix\build-msvc\src\inix.dir\release\difftablemodel.obj
c:\users\hunter\documents\github\inix\build-msvc\src\inix.dir\release\inifilterproxymodel.obj
c:\users\hunter\documents\github\inix\build-msvc\src\inix.dir\release\inisettingstablemodel.obj
c:\users\hunter\documents\github\inix\build-msvc\src\inix.dir\release\inisearchservice.obj
c:\users\hunter\documents\github\inix\build-msvc\src\inix.dir\release\inimergeservice.obj
c:\users\hunter\documents\github\inix\build-msvc\src\inix.dir\release\inidiffservice.obj
c:\users\hunter\documents\github\inix\build-msvc\src\inix.dir\release\iniserializer.obj
c:\users\hunter\documents\github\inix\build-msvc\src\inix.dir\release\iniparser.obj
c:\users\hunter\documents\github\inix\build-msvc\src\inix.dir\release\mainwindow.obj
c:\users\hunter\documents\github\inix\build-msvc\src\inix.dir\release\main.obj
c:\users\hunter\documents\github\inix\build-msvc\src\inix_autogen\gbfafxfcvo\qrc_resources_release.cpp
c:\users\hunter\documents\github\inix\build-msvc\src\cmakefiles\generate.stamp
c:\users\hunter\documents\github\inix\build-msvc\src\inix.dir\release\inix.tlog\cl.command.1.tlog
c:\users\hunter\documents\github\inix\build-msvc\src\inix.dir\release\inix.tlog\cl.read.1.tlog
c:\users\hunter\documents\github\inix\build-msvc\src\inix.dir\release\inix.tlog\cl.write.1.tlog
c:\users\hunter\documents\github\inix\build-msvc\src\inix.dir\release\inix.tlog\custombuild.command.1.tlog
c:\users\hunter\documents\github\inix\build-msvc\src\inix.dir\release\inix.tlog\custombuild.read.1.tlog
c:\users\hunter\documents\github\inix\build-msvc\src\inix.dir\release\inix.tlog\custombuild.write.1.tlog
